<?xml version="1.0" encoding="UTF-8"?>
<!-- Generated by org.testng.reporters.JUnitXMLReporter -->
<testsuite hostname="DESKTOP-BMSFG04" ignored="0" name="Default test" tests="18" failures="0" timestamp="2022-11-14T18:53:27 IST" time="0.173" errors="0">
  <testcase name="ft1" time="0.014" classname="testNgFlags.Flag7"/>
  <testcase name="ft2" time="0.002" classname="testNgFlags.Flag7"/>
  <testcase name="ft3" time="0.002" classname="testNgFlags.Flag7"/>
  <testcase name="ft4" time="0.002" classname="testNgFlags.Flag7"/>
  <testcase name="ft5" time="0.001" classname="testNgFlags.Flag7"/>
  <testcase name="ft6" time="0.002" classname="testNgFlags.Flag7"/>
  <testcase name="it1" time="0.002" classname="testNgFlags.Flag7"/>
  <testcase name="it2" time="0.001" classname="testNgFlags.Flag7"/>
  <testcase name="it3" time="0.002" classname="testNgFlags.Flag7"/>
  <testcase name="it4" time="0.001" classname="testNgFlags.Flag7"/>
  <testcase name="it5" time="0.002" classname="testNgFlags.Flag7"/>
  <testcase name="it6" time="0.001" classname="testNgFlags.Flag7"/>
  <testcase name="st1" time="0.001" classname="testNgFlags.Flag7"/>
  <testcase name="st2" time="0.002" classname="testNgFlags.Flag7"/>
  <testcase name="st3" time="0.001" classname="testNgFlags.Flag7"/>
  <testcase name="st4" time="0.001" classname="testNgFlags.Flag7"/>
  <testcase name="st5" time="0.001" classname="testNgFlags.Flag7"/>
  <testcase name="st6" time="0.002" classname="testNgFlags.Flag7"/>
</testsuite> <!-- Default test -->
