<?xml version="1.0" encoding="UTF-8"?>
<!-- Generated by org.testng.reporters.JUnitXMLReporter -->
<testsuite hostname="DESKTOP-BMSFG04" ignored="0" name="Test(failed)" tests="1" failures="1" timestamp="2022-11-12T23:01:02 IST" time="0.23" errors="0">
  <testcase name="remo" time="0.052" classname="testNgpack.SecondClass">
    <failure type="java.lang.ArithmeticException" message="/ by zero">
      <![CDATA[java.lang.ArithmeticException: / by zero
at testNgpack.SecondClass.remo(SecondClass.java:11)
at java.util.ArrayList.forEach(Unknown Source)
... Removed 27 stack frames]]>
    </failure>
  </testcase> <!-- remo -->
</testsuite> <!-- Test(failed) -->
